[DBUG] ONLINE_SHOP: ⦿ user.Controller
  ⦿ IP             
  ⦿ Logger         
  ⦿ Ctx            
  ╺ Client         → ./user/controller.go:32
  ╺ Get
      GET /user
    • iris.Context 

  ╺ PostRegisterUser
      POST /user/register/user
    • iris.Context 
2022/10/04 23:29 ONLINE_SHOP: API_GW on:9002
[DBUG] 2022/10/04 23:29 ONLINE_SHOP: API: 4 registered routes (1 GET, 1 POST and 2 OPTIONS)
GET: /user user.Controller (./user/controller.go:33)
     • iris-contrib.cors (<autogenerated>:1)
     • user.Controller.Get (./user/controller.go:55)

POST: /user/register/user user.Controller (./user/controller.go:33)
      • iris-contrib.cors (<autogenerated>:1)
      • user.Controller.PostRegisterUser (./user/controller.go:36)

OPTIONS: /user (./user/controller.go:33)
         • iris-contrib.cors (<autogenerated>:1)
OPTIONS: /user/register/user (./user/controller.go:33)
         • iris-contrib.cors (<autogenerated>:1)

Iris Version: 12.2.0-beta5

Now listening on: http://localhost:9002
Application started. Press CTRL+C to shut down.
[ERRO] 2022/10/04 23:31 ONLINE_SHOP: Error authentification user: rpc error: code = Unavailable desc = connection error: desc = "transport: Error while dialing dial tcp: missing address"
2022/10/04 23:38 ONLINE_SHOP: API_GW stopped:9002
[DBUG] ONLINE_SHOP: ⦿ user.Controller
  ⦿ IP             
  ⦿ Logger         
  ⦿ Ctx            
  ╺ Client         → ./user/controller.go:32
  ╺ Get
      GET /user
    • iris.Context 

  ╺ PostRegisterUser
      POST /user/register/user
    • iris.Context 
2022/10/05 00:00 ONLINE_SHOP: API_GW on:9002
[DBUG] 2022/10/05 00:00 ONLINE_SHOP: API: 4 registered routes (1 GET, 1 POST and 2 OPTIONS)
GET: /user user.Controller (./user/controller.go:33)
     • iris-contrib.cors (<autogenerated>:1)
     • user.Controller.Get (./user/controller.go:55)

POST: /user/register/user user.Controller (./user/controller.go:33)
      • iris-contrib.cors (<autogenerated>:1)
      • user.Controller.PostRegisterUser (./user/controller.go:36)

OPTIONS: /user (./user/controller.go:33)
         • iris-contrib.cors (<autogenerated>:1)
OPTIONS: /user/register/user (./user/controller.go:33)
         • iris-contrib.cors (<autogenerated>:1)

Iris Version: 12.2.0-beta5

Now listening on: http://localhost:9002
Application started. Press CTRL+C to shut down.
[ERRO] 2022/10/05 00:01 ONLINE_SHOP: Error authentification user: rpc error: code = Unavailable desc = connection error: desc = "transport: Error while dialing dial tcp: missing address"
2022/10/05 00:03 ONLINE_SHOP: API_GW stopped:9002
[DBUG] ONLINE_SHOP: ⦿ user.Controller
  ⦿ IP             
  ⦿ Logger         
  ⦿ Ctx            
  ╺ Client         → ./user/controller.go:32
  ╺ Get
      GET /user
    • iris.Context 

  ╺ PostRegisterUser
      POST /user/register/user
    • iris.Context 
2022/11/15 22:56 ONLINE_SHOP: API_GW on:9002
[DBUG] 2022/11/15 22:56 ONLINE_SHOP: API: 4 registered routes (1 GET, 1 POST and 2 OPTIONS)
GET: /user user.Controller (./user/controller.go:33)
     • iris-contrib.cors (<autogenerated>:1)
     • user.Controller.Get (./user/controller.go:55)

POST: /user/register/user user.Controller (./user/controller.go:33)
      • iris-contrib.cors (<autogenerated>:1)
      • user.Controller.PostRegisterUser (./user/controller.go:36)

OPTIONS: /user (./user/controller.go:33)
         • iris-contrib.cors (<autogenerated>:1)
OPTIONS: /user/register/user (./user/controller.go:33)
         • iris-contrib.cors (<autogenerated>:1)

Iris Version: 12.2.0-beta5

Now listening on: http://localhost:9002
Application started. Press CTRL+C to shut down.
[ERRO] 2022/11/15 22:59 ONLINE_SHOP: Error authentification user: rpc error: code = Unavailable desc = connection error: desc = "transport: Error while dialing dial tcp: missing address"
2022/11/15 23:06 ONLINE_SHOP: API_GW stopped:9002
[DBUG] ONLINE_SHOP: ⦿ user.Controller
  ⦿ IP             
  ⦿ Logger         
  ⦿ Ctx            
  ╺ Client         → ./user/controller.go:32
  ╺ Get
      GET /user
    • iris.Context 

  ╺ PostRegisterUser
      POST /user/register/user
    • iris.Context 
2022/11/15 23:06 ONLINE_SHOP: API_GW on:9002
[DBUG] 2022/11/15 23:06 ONLINE_SHOP: API: 4 registered routes (1 GET, 1 POST and 2 OPTIONS)
GET: /user user.Controller (./user/controller.go:33)
     • iris-contrib.cors (<autogenerated>:1)
     • user.Controller.Get (./user/controller.go:55)

POST: /user/register/user user.Controller (./user/controller.go:33)
      • iris-contrib.cors (<autogenerated>:1)
      • user.Controller.PostRegisterUser (./user/controller.go:36)

OPTIONS: /user (./user/controller.go:33)
         • iris-contrib.cors (<autogenerated>:1)
OPTIONS: /user/register/user (./user/controller.go:33)
         • iris-contrib.cors (<autogenerated>:1)

Iris Version: 12.2.0-beta5

Now listening on: http://localhost:9002
Application started. Press CTRL+C to shut down.
[ERRO] 2022/11/15 23:06 ONLINE_SHOP: Error authentification user: rpc error: code = Unavailable desc = connection error: desc = "transport: Error while dialing dial tcp: missing address"
[ERRO] 2022/11/15 23:06 ONLINE_SHOP: Error authentification user: rpc error: code = Unavailable desc = connection error: desc = "transport: Error while dialing dial tcp: missing address"
[ERRO] 2022/11/15 23:06 ONLINE_SHOP: Error authentification user: rpc error: code = Unavailable desc = connection error: desc = "transport: Error while dialing dial tcp: missing address"
2022/11/15 23:07 ONLINE_SHOP: API_GW stopped:9002
[DBUG] ONLINE_SHOP: ⦿ user.Controller
  ⦿ IP             
  ⦿ Logger         
  ⦿ Ctx            
  ╺ Client         → ./user/controller.go:32
  ╺ Get
      GET /user
    • iris.Context 

  ╺ PostRegisterUser
      POST /user/register/user
    • iris.Context 
2022/11/15 23:07 ONLINE_SHOP: API_GW on:9002
[DBUG] 2022/11/15 23:07 ONLINE_SHOP: API: 4 registered routes (1 GET, 1 POST and 2 OPTIONS)
GET: /user user.Controller (./user/controller.go:33)
     • iris-contrib.cors (<autogenerated>:1)
     • user.Controller.Get (./user/controller.go:55)

POST: /user/register/user user.Controller (./user/controller.go:33)
      • iris-contrib.cors (<autogenerated>:1)
      • user.Controller.PostRegisterUser (./user/controller.go:36)

OPTIONS: /user (./user/controller.go:33)
         • iris-contrib.cors (<autogenerated>:1)
OPTIONS: /user/register/user (./user/controller.go:33)
         • iris-contrib.cors (<autogenerated>:1)

Iris Version: 12.2.0-beta5

Now listening on: http://localhost:9002
Application started. Press CTRL+C to shut down.
[ERRO] 2022/11/15 23:07 ONLINE_SHOP: Error authentification user: rpc error: code = Unavailable desc = connection error: desc = "transport: Error while dialing dial tcp: missing address"
2022/11/15 23:08 ONLINE_SHOP: API_GW stopped:9002
[DBUG] ONLINE_SHOP: ⦿ user.Controller
  ⦿ IP             
  ⦿ Logger         
  ⦿ Ctx            
  ╺ Client         → ./user/controller.go:32
  ╺ Get
      GET /user
    • iris.Context 

  ╺ PostRegisterUser
      POST /user/register/user
    • iris.Context 
2022/11/15 23:08 ONLINE_SHOP: API_GW on:9002
[DBUG] 2022/11/15 23:08 ONLINE_SHOP: API: 4 registered routes (1 GET, 1 POST and 2 OPTIONS)
GET: /user user.Controller (./user/controller.go:33)
     • iris-contrib.cors (<autogenerated>:1)
     • user.Controller.Get (./user/controller.go:55)

POST: /user/register/user user.Controller (./user/controller.go:33)
      • iris-contrib.cors (<autogenerated>:1)
      • user.Controller.PostRegisterUser (./user/controller.go:36)

OPTIONS: /user (./user/controller.go:33)
         • iris-contrib.cors (<autogenerated>:1)
OPTIONS: /user/register/user (./user/controller.go:33)
         • iris-contrib.cors (<autogenerated>:1)

Iris Version: 12.2.0-beta5

Now listening on: http://localhost:9002
Application started. Press CTRL+C to shut down.
2022/11/15 23:11 ONLINE_SHOP: API_GW stopped:9002
[DBUG] ONLINE_SHOP: ⦿ user.Controller
  ⦿ IP             
  ⦿ Logger         
  ⦿ Ctx            
  ╺ Client         → ./user/controller.go:32
  ╺ Get
      GET /user
    • iris.Context 

  ╺ PostRegisterUser
      POST /user/register/user
    • iris.Context 
2022/11/15 23:11 ONLINE_SHOP: API_GW on:9002
[DBUG] 2022/11/15 23:11 ONLINE_SHOP: API: 4 registered routes (1 GET, 1 POST and 2 OPTIONS)
GET: /user user.Controller (./user/controller.go:33)
     • iris-contrib.cors (<autogenerated>:1)
     • user.Controller.Get (./user/controller.go:55)

POST: /user/register/user user.Controller (./user/controller.go:33)
      • iris-contrib.cors (<autogenerated>:1)
      • user.Controller.PostRegisterUser (./user/controller.go:36)

OPTIONS: /user (./user/controller.go:33)
         • iris-contrib.cors (<autogenerated>:1)
OPTIONS: /user/register/user (./user/controller.go:33)
         • iris-contrib.cors (<autogenerated>:1)

Iris Version: 12.2.0-beta5

Now listening on: http://localhost:9002
Application started. Press CTRL+C to shut down.
2022/11/15 23:13 ONLINE_SHOP: API_GW stopped:9002
[DBUG] ONLINE_SHOP: ⦿ user.Controller
  ⦿ IP             
  ⦿ Logger         
  ⦿ Ctx            
  ╺ Client         → ./user/controller.go:32
  ╺ Get
      GET /user
    • iris.Context 

  ╺ PostRegisterUser
      POST /user/register/user
    • iris.Context 
2022/11/15 23:13 ONLINE_SHOP: API_GW on:9002
[DBUG] 2022/11/15 23:13 ONLINE_SHOP: API: 4 registered routes (1 GET, 1 POST and 2 OPTIONS)
GET: /user user.Controller (./user/controller.go:33)
     • iris-contrib.cors (<autogenerated>:1)
     • user.Controller.Get (./user/controller.go:55)

POST: /user/register/user user.Controller (./user/controller.go:33)
      • iris-contrib.cors (<autogenerated>:1)
      • user.Controller.PostRegisterUser (./user/controller.go:36)

OPTIONS: /user (./user/controller.go:33)
         • iris-contrib.cors (<autogenerated>:1)
OPTIONS: /user/register/user (./user/controller.go:33)
         • iris-contrib.cors (<autogenerated>:1)

Iris Version: 12.2.0-beta5

Now listening on: http://localhost:9002
Application started. Press CTRL+C to shut down.
2022/11/15 23:43 ONLINE_SHOP: API_GW stopped:9002
[DBUG] ONLINE_SHOP: ⦿ user.Controller
  ⦿ IP             
  ⦿ Logger         
  ⦿ Ctx            
  ╺ Client         → ./api-gw/user/controller.go:32
  ╺ Get
      GET /user
    • iris.Context 

  ╺ PostRegisterUser
      POST /user/register/user
    • iris.Context 
2022/11/18 15:37 ONLINE_SHOP: API_GW on:9002
[DBUG] 2022/11/18 15:37 ONLINE_SHOP: API: 4 registered routes (1 GET, 1 POST and 2 OPTIONS)
GET: /user user.Controller (./api-gw/user/controller.go:33)
     • iris-contrib.cors (<autogenerated>:1)
     • user.Controller.Get (./api-gw/user/controller.go:55)

POST: /user/register/user user.Controller (./api-gw/user/controller.go:33)
      • iris-contrib.cors (<autogenerated>:1)
      • user.Controller.PostRegisterUser (./api-gw/user/controller.go:36)

OPTIONS: /user (./api-gw/user/controller.go:33)
         • iris-contrib.cors (<autogenerated>:1)
OPTIONS: /user/register/user (./api-gw/user/controller.go:33)
         • iris-contrib.cors (<autogenerated>:1)

Iris Version:   12.2.0-beta5
Build Time:     2022-06-22T12:04:21Z
Build Revision: 84a02ed98ae130bd72ad5e174182b58fa26caf75

Now listening on: http://localhost:9002
Application started. Press CTRL+C to shut down.
2022/11/18 15:39 ONLINE_SHOP: API_GW stopped:9002
[DBUG] ONLINE_SHOP: ⦿ user.Controller
  ⦿ IP             
  ⦿ Logger         
  ⦿ Ctx            
  ╺ Client         → ./api-gw/user/controller.go:32
  ╺ Get
      GET /user
    • iris.Context 

  ╺ PostRegisterUser
      POST /user/register/user
    • iris.Context 
2022/11/18 16:32 ONLINE_SHOP: API_GW on:9012
[DBUG] 2022/11/18 16:32 ONLINE_SHOP: API: 4 registered routes (1 GET, 1 POST and 2 OPTIONS)
GET: /user user.Controller (./api-gw/user/controller.go:33)
     • iris-contrib.cors (<autogenerated>:1)
     • user.Controller.Get (./api-gw/user/controller.go:55)

POST: /user/register/user user.Controller (./api-gw/user/controller.go:33)
      • iris-contrib.cors (<autogenerated>:1)
      • user.Controller.PostRegisterUser (./api-gw/user/controller.go:36)

OPTIONS: /user (./api-gw/user/controller.go:33)
         • iris-contrib.cors (<autogenerated>:1)
OPTIONS: /user/register/user (./api-gw/user/controller.go:33)
         • iris-contrib.cors (<autogenerated>:1)

Iris Version:   12.2.0-beta5
Build Time:     2022-06-22T12:04:21Z
Build Revision: 84a02ed98ae130bd72ad5e174182b58fa26caf75

Now listening on: http://localhost:9012
Application started. Press CTRL+C to shut down.
[ERRO] 2022/11/18 16:35 ONLINE_SHOP: Error authentification user: rpc error: code = Unavailable desc = connection error: desc = "transport: Error while dialing dial tcp [::1]:51051: connectex: No connection could be made because the target machine actively refused it."
[DBUG] ONLINE_SHOP: ⦿ user.Controller
  ⦿ IP             
  ⦿ Logger         
  ⦿ Ctx            
  ╺ Client         → ./api-gw/user/controller.go:32
  ╺ Get
      GET /user
    • iris.Context 

  ╺ PostLogin
      POST /user/login
    • iris.Context 
  ╺ PostRegisterUser
      POST /user/register/user
    • iris.Context 
2022/11/18 17:15 ONLINE_SHOP: API_GW on:9012
[DBUG] 2022/11/18 17:15 ONLINE_SHOP: API: 6 registered routes (1 GET, 2 POST and 3 OPTIONS)
GET: /user user.Controller (./api-gw/user/controller.go:33)
     • iris-contrib.cors (<autogenerated>:1)
     • user.Controller.Get (./api-gw/user/controller.go:55)

POST: /user/login user.Controller (./api-gw/user/controller.go:33)
      • iris-contrib.cors (<autogenerated>:1)
      • user.Controller.PostLogin (./api-gw/user/controller.go:77)
POST: /user/register/user user.Controller (./api-gw/user/controller.go:33)
      • iris-contrib.cors (<autogenerated>:1)
      • user.Controller.PostRegisterUser (./api-gw/user/controller.go:36)

OPTIONS: /user (./api-gw/user/controller.go:33)
         • iris-contrib.cors (<autogenerated>:1)
OPTIONS: /user/login (./api-gw/user/controller.go:33)
         • iris-contrib.cors (<autogenerated>:1)
OPTIONS: /user/register/user (./api-gw/user/controller.go:33)
         • iris-contrib.cors (<autogenerated>:1)

Iris Version:   12.2.0-beta5
Build Time:     2022-06-22T12:04:21Z
Build Revision: 84a02ed98ae130bd72ad5e174182b58fa26caf75

Now listening on: http://localhost:9012
Application started. Press CTRL+C to shut down.
2022/11/18 18:50 ONLINE_SHOP: API_GW stopped:9012
[DBUG] ONLINE_SHOP: ⦿ user.Controller
  ⦿ IP             
  ⦿ Logger         
  ⦿ Ctx            
  ╺ Client         → ./api-gw/user/controller.go:32
  ╺ Get
      GET /user
    • iris.Context 

  ╺ PostLogin
      POST /user/login
    • iris.Context 
  ╺ PostRegisterUser
      POST /user/register/user
    • iris.Context 
2022/11/18 18:53 ONLINE_SHOP: API_GW on:9012
[DBUG] 2022/11/18 18:53 ONLINE_SHOP: API: 6 registered routes (1 GET, 2 POST and 3 OPTIONS)
GET: /user user.Controller (./api-gw/user/controller.go:33)
     • iris-contrib.cors (<autogenerated>:1)
     • user.Controller.Get (./api-gw/user/controller.go:55)

POST: /user/login user.Controller (./api-gw/user/controller.go:33)
      • iris-contrib.cors (<autogenerated>:1)
      • user.Controller.PostLogin (./api-gw/user/controller.go:77)
POST: /user/register/user user.Controller (./api-gw/user/controller.go:33)
      • iris-contrib.cors (<autogenerated>:1)
      • user.Controller.PostRegisterUser (./api-gw/user/controller.go:36)

OPTIONS: /user (./api-gw/user/controller.go:33)
         • iris-contrib.cors (<autogenerated>:1)
OPTIONS: /user/login (./api-gw/user/controller.go:33)
         • iris-contrib.cors (<autogenerated>:1)
OPTIONS: /user/register/user (./api-gw/user/controller.go:33)
         • iris-contrib.cors (<autogenerated>:1)

Iris Version: 12.2.0-beta5

Now listening on: http://localhost:9012
Application started. Press CTRL+C to shut down.
[ERRO] 2022/11/18 18:54 ONLINE_SHOP: Error authentification user: rpc error: code = Canceled desc = context canceled
[ERRO] 2022/11/18 18:54 ONLINE_SHOP: Error authentification user: rpc error: code = Unavailable desc = error reading from server: read tcp [::1]:61714->[::1]:51051: wsarecv: An existing connection was forcibly closed by the remote host.
[ERRO] 2022/11/18 18:55 ONLINE_SHOP: Error authentification user: rpc error: code = Canceled desc = context canceled
[ERRO] 2022/11/18 18:55 ONLINE_SHOP: Error authentification user: rpc error: code = Unavailable desc = error reading from server: read tcp [::1]:59359->[::1]:51051: wsarecv: An existing connection was forcibly closed by the remote host.
[ERRO] 2022/11/18 18:58 ONLINE_SHOP: Error authentification user: rpc error: code = Canceled desc = context canceled
[ERRO] 2022/11/18 19:02 ONLINE_SHOP: Error authentification user: rpc error: code = Unavailable desc = error reading from server: read tcp 127.0.0.1:52164->127.0.0.1:51051: wsarecv: An existing connection was forcibly closed by the remote host.
[ERRO] 2022/11/18 19:03 ONLINE_SHOP: Error authentification user: rpc error: code = Unavailable desc = error reading from server: read tcp [::1]:60966->[::1]:51051: wsarecv: An existing connection was forcibly closed by the remote host.
[ERRO] 2022/11/18 19:09 ONLINE_SHOP: Error authentification user: rpc error: code = Unavailable desc = error reading from server: EOF
2022/11/18 20:03 ONLINE_SHOP: API_GW stopped:9012
[DBUG] ONLINE_SHOP: ⦿ user.Controller
  ⦿ IP             
  ⦿ Logger         
  ⦿ Ctx            
  ╺ Client         → ./api-gw/user/controller.go:32
  ╺ Get
      GET /user
    • iris.Context 

  ╺ PostLogin
      POST /user/login
    • iris.Context 
  ╺ PostRegisterUser
      POST /user/register/user
    • iris.Context 
2022/11/27 15:37 ONLINE_SHOP: API_GW on:9012
[DBUG] 2022/11/27 15:37 ONLINE_SHOP: API: 6 registered routes (1 GET, 2 POST and 3 OPTIONS)
GET: /user user.Controller (./api-gw/user/controller.go:33)
     • iris-contrib.cors (<autogenerated>:1)
     • user.Controller.Get (./api-gw/user/controller.go:55)

POST: /user/login user.Controller (./api-gw/user/controller.go:33)
      • iris-contrib.cors (<autogenerated>:1)
      • user.Controller.PostLogin (./api-gw/user/controller.go:77)
POST: /user/register/user user.Controller (./api-gw/user/controller.go:33)
      • iris-contrib.cors (<autogenerated>:1)
      • user.Controller.PostRegisterUser (./api-gw/user/controller.go:36)

OPTIONS: /user (./api-gw/user/controller.go:33)
         • iris-contrib.cors (<autogenerated>:1)
OPTIONS: /user/login (./api-gw/user/controller.go:33)
         • iris-contrib.cors (<autogenerated>:1)
OPTIONS: /user/register/user (./api-gw/user/controller.go:33)
         • iris-contrib.cors (<autogenerated>:1)

Iris Version: 12.2.0-beta5

Now listening on: http://localhost:9012
Application started. Press CTRL+C to shut down.
2022/11/27 15:38 ONLINE_SHOP: API_GW stopped:9012
[DBUG] ONLINE_SHOP: ⦿ user.Controller
  ⦿ IP             
  ⦿ Logger         
  ⦿ Ctx            
  ╺ Client         → ./api-gw/user/controller.go:32
  ╺ Get
      GET /user
    • iris.Context 

  ╺ PostLogin
      POST /user/login
    • iris.Context 
  ╺ PostRegisterUser
      POST /user/register/user
    • iris.Context 
2022/11/27 15:38 ONLINE_SHOP: API_GW on:9012
[DBUG] 2022/11/27 15:38 ONLINE_SHOP: API: 6 registered routes (1 GET, 2 POST and 3 OPTIONS)
GET: /user user.Controller (./api-gw/user/controller.go:33)
     • iris-contrib.cors (<autogenerated>:1)
     • user.Controller.Get (./api-gw/user/controller.go:55)

POST: /user/login user.Controller (./api-gw/user/controller.go:33)
      • iris-contrib.cors (<autogenerated>:1)
      • user.Controller.PostLogin (./api-gw/user/controller.go:77)
POST: /user/register/user user.Controller (./api-gw/user/controller.go:33)
      • iris-contrib.cors (<autogenerated>:1)
      • user.Controller.PostRegisterUser (./api-gw/user/controller.go:36)

OPTIONS: /user (./api-gw/user/controller.go:33)
         • iris-contrib.cors (<autogenerated>:1)
OPTIONS: /user/login (./api-gw/user/controller.go:33)
         • iris-contrib.cors (<autogenerated>:1)
OPTIONS: /user/register/user (./api-gw/user/controller.go:33)
         • iris-contrib.cors (<autogenerated>:1)

Iris Version: 12.2.0-beta5

Now listening on: http://localhost:9012
Application started. Press CTRL+C to shut down.
2022/11/27 15:38 ONLINE_SHOP: API_GW stopped:9012
[DBUG] ONLINE_SHOP: ⦿ user.Controller
  ⦿ IP             
  ⦿ Logger         
  ⦿ Ctx            
  ╺ Client         → ./api-gw/user/controller.go:32
  ╺ Get
      GET /user
    • iris.Context 

  ╺ PostLogin
      POST /user/login
    • iris.Context 
  ╺ PostRegisterUser
      POST /user/register/user
    • iris.Context 
2022/11/27 15:38 ONLINE_SHOP: API_GW on:9012
[DBUG] 2022/11/27 15:38 ONLINE_SHOP: API: 6 registered routes (1 GET, 2 POST and 3 OPTIONS)
GET: /user user.Controller (./api-gw/user/controller.go:33)
     • iris-contrib.cors (<autogenerated>:1)
     • user.Controller.Get (./api-gw/user/controller.go:55)

POST: /user/login user.Controller (./api-gw/user/controller.go:33)
      • iris-contrib.cors (<autogenerated>:1)
      • user.Controller.PostLogin (./api-gw/user/controller.go:77)
POST: /user/register/user user.Controller (./api-gw/user/controller.go:33)
      • iris-contrib.cors (<autogenerated>:1)
      • user.Controller.PostRegisterUser (./api-gw/user/controller.go:36)

OPTIONS: /user (./api-gw/user/controller.go:33)
         • iris-contrib.cors (<autogenerated>:1)
OPTIONS: /user/login (./api-gw/user/controller.go:33)
         • iris-contrib.cors (<autogenerated>:1)
OPTIONS: /user/register/user (./api-gw/user/controller.go:33)
         • iris-contrib.cors (<autogenerated>:1)

Iris Version: 12.2.0-beta5

Now listening on: http://localhost:9012
Application started. Press CTRL+C to shut down.
2022/11/27 15:39 ONLINE_SHOP: API_GW stopped:9012
[DBUG] ONLINE_SHOP: ⦿ user.Controller
  ⦿ IP             
  ⦿ Logger         
  ⦿ Ctx            
  ╺ Client         → ./api-gw/user/controller.go:32
  ╺ Get
      GET /user
    • iris.Context 

  ╺ PostLogin
      POST /user/login
    • iris.Context 
  ╺ PostRegisterUser
      POST /user/register/user
    • iris.Context 
2022/11/27 15:39 ONLINE_SHOP: API_GW on:9012
[DBUG] 2022/11/27 15:39 ONLINE_SHOP: API: 6 registered routes (1 GET, 2 POST and 3 OPTIONS)
GET: /user user.Controller (./api-gw/user/controller.go:33)
     • iris-contrib.cors (<autogenerated>:1)
     • user.Controller.Get (./api-gw/user/controller.go:55)

POST: /user/login user.Controller (./api-gw/user/controller.go:33)
      • iris-contrib.cors (<autogenerated>:1)
      • user.Controller.PostLogin (./api-gw/user/controller.go:77)
POST: /user/register/user user.Controller (./api-gw/user/controller.go:33)
      • iris-contrib.cors (<autogenerated>:1)
      • user.Controller.PostRegisterUser (./api-gw/user/controller.go:36)

OPTIONS: /user (./api-gw/user/controller.go:33)
         • iris-contrib.cors (<autogenerated>:1)
OPTIONS: /user/login (./api-gw/user/controller.go:33)
         • iris-contrib.cors (<autogenerated>:1)
OPTIONS: /user/register/user (./api-gw/user/controller.go:33)
         • iris-contrib.cors (<autogenerated>:1)

Iris Version: 12.2.0-beta5

Now listening on: http://localhost:9012
Application started. Press CTRL+C to shut down.
2022/11/27 15:39 ONLINE_SHOP: API_GW stopped:9012
[DBUG] ONLINE_SHOP: ⦿ user.Controller
  ⦿ IP             
  ⦿ Logger         
  ⦿ Ctx            
  ╺ Client         → ./api-gw/user/controller.go:32
  ╺ Get
      GET /user
    • iris.Context 

  ╺ PostLogin
      POST /user/login
    • iris.Context 
  ╺ PostRegisterUser
      POST /user/register/user
    • iris.Context 
2022/11/28 17:36 ONLINE_SHOP: API_GW on:9012
[DBUG] 2022/11/28 17:36 ONLINE_SHOP: API: 8 registered routes (3 GET, 2 POST and 3 OPTIONS)
GET: /swagger/{any:path} (./api-gw/main.go:50)
     • iris-contrib/swagger.Handler (D:/vscode/go/pkg/mod/github.com/iris-contrib/swagger@v0.0.0-20221110100830-8382955a2917/swagger.go:129)
GET: /swagger (./api-gw/main.go:49)
     • iris-contrib/swagger.Handler (D:/vscode/go/pkg/mod/github.com/iris-contrib/swagger@v0.0.0-20221110100830-8382955a2917/swagger.go:129)
GET: /user user.Controller (./api-gw/user/controller.go:33)
     • iris-contrib.cors (<autogenerated>:1)
     • user.Controller.Get (./api-gw/user/controller.go:55)

POST: /user/login user.Controller (./api-gw/user/controller.go:33)
      • iris-contrib.cors (<autogenerated>:1)
      • user.Controller.PostLogin (./api-gw/user/controller.go:77)
POST: /user/register/user user.Controller (./api-gw/user/controller.go:33)
      • iris-contrib.cors (<autogenerated>:1)
      • user.Controller.PostRegisterUser (./api-gw/user/controller.go:36)

OPTIONS: /user (./api-gw/user/controller.go:33)
         • iris-contrib.cors (<autogenerated>:1)
OPTIONS: /user/login (./api-gw/user/controller.go:33)
         • iris-contrib.cors (<autogenerated>:1)
OPTIONS: /user/register/user (./api-gw/user/controller.go:33)
         • iris-contrib.cors (<autogenerated>:1)

Iris Version: 12.2.0-beta5

Now listening on: http://localhost:9012
Application started. Press CTRL+C to shut down.
2022/11/28 17:37 ONLINE_SHOP: API_GW stopped:9012
[DBUG] ONLINE_SHOP: ⦿ user.Controller
  ⦿ IP             
  ⦿ Logger         
  ⦿ Ctx            
  ╺ Client         → ./api-gw/user/controller.go:32
  ╺ Get
      GET /user
    • iris.Context 

  ╺ PostLogin
      POST /user/login
    • iris.Context 
  ╺ PostRegisterUser
      POST /user/register/user
    • iris.Context 
2022/11/28 18:02 ONLINE_SHOP: API_GW on:9012
[DBUG] 2022/11/28 18:02 ONLINE_SHOP: API: 8 registered routes (3 GET, 2 POST and 3 OPTIONS)
GET: /swagger/{any:path} (./api-gw/main.go:69)
     • iris-contrib/swagger.Handler (D:/vscode/go/pkg/mod/github.com/iris-contrib/swagger@v0.0.0-20221110100830-8382955a2917/swagger.go:129)
GET: /swagger (./api-gw/main.go:68)
     • iris-contrib/swagger.Handler (D:/vscode/go/pkg/mod/github.com/iris-contrib/swagger@v0.0.0-20221110100830-8382955a2917/swagger.go:129)
GET: /user user.Controller (./api-gw/user/controller.go:33)
     • iris-contrib.cors (<autogenerated>:1)
     • user.Controller.Get (./api-gw/user/controller.go:65)

POST: /user/login user.Controller (./api-gw/user/controller.go:33)
      • iris-contrib.cors (<autogenerated>:1)
      • user.Controller.PostLogin (./api-gw/user/controller.go:98)
POST: /user/register/user user.Controller (./api-gw/user/controller.go:33)
      • iris-contrib.cors (<autogenerated>:1)
      • user.Controller.PostRegisterUser (./api-gw/user/controller.go:46)

OPTIONS: /user (./api-gw/user/controller.go:33)
         • iris-contrib.cors (<autogenerated>:1)
OPTIONS: /user/login (./api-gw/user/controller.go:33)
         • iris-contrib.cors (<autogenerated>:1)
OPTIONS: /user/register/user (./api-gw/user/controller.go:33)
         • iris-contrib.cors (<autogenerated>:1)

Iris Version: 12.2.0-beta5

Now listening on: http://localhost:9012
Application started. Press CTRL+C to shut down.
[ERRO] 2022/11/28 18:02 ONLINE_SHOP: Error authentification user: rpc error: code = Unavailable desc = connection error: desc = "transport: Error while dialing dial tcp [::1]:51051: connectex: No connection could be made because the target machine actively refused it."
2022/11/28 18:05 ONLINE_SHOP: API_GW stopped:9012
[DBUG] ONLINE_SHOP: ⦿ user.Controller
  ⦿ IP             
  ⦿ Logger         
  ⦿ Ctx            
  ╺ Client         → ./api-gw/user/controller.go:32
  ╺ Get
      GET /user
    • iris.Context 

  ╺ PostLogin
      POST /user/login
    • iris.Context 
  ╺ PostRegisterUser
      POST /user/register/user
    • iris.Context 
2022/11/28 18:05 ONLINE_SHOP: API_GW on:9012
[DBUG] 2022/11/28 18:05 ONLINE_SHOP: API: 8 registered routes (3 GET, 2 POST and 3 OPTIONS)
GET: /swagger/{any:path} (./api-gw/main.go:69)
     • iris-contrib/swagger.Handler (D:/vscode/go/pkg/mod/github.com/iris-contrib/swagger@v0.0.0-20221110100830-8382955a2917/swagger.go:129)
GET: /swagger (./api-gw/main.go:68)
     • iris-contrib/swagger.Handler (D:/vscode/go/pkg/mod/github.com/iris-contrib/swagger@v0.0.0-20221110100830-8382955a2917/swagger.go:129)
GET: /user user.Controller (./api-gw/user/controller.go:33)
     • iris-contrib.cors (<autogenerated>:1)
     • user.Controller.Get (./api-gw/user/controller.go:65)

POST: /user/login user.Controller (./api-gw/user/controller.go:33)
      • iris-contrib.cors (<autogenerated>:1)
      • user.Controller.PostLogin (./api-gw/user/controller.go:98)
POST: /user/register/user user.Controller (./api-gw/user/controller.go:33)
      • iris-contrib.cors (<autogenerated>:1)
      • user.Controller.PostRegisterUser (./api-gw/user/controller.go:46)

OPTIONS: /user (./api-gw/user/controller.go:33)
         • iris-contrib.cors (<autogenerated>:1)
OPTIONS: /user/login (./api-gw/user/controller.go:33)
         • iris-contrib.cors (<autogenerated>:1)
OPTIONS: /user/register/user (./api-gw/user/controller.go:33)
         • iris-contrib.cors (<autogenerated>:1)

Iris Version: 12.2.0-beta5

Now listening on: http://localhost:9012
Application started. Press CTRL+C to shut down.
2022/11/28 18:10 ONLINE_SHOP: API_GW stopped:9012
[DBUG] ONLINE_SHOP: ⦿ user.Controller
  ⦿ IP             
  ⦿ Logger         
  ⦿ Ctx            
  ╺ Client         → ./api-gw/user/controller.go:32
  ╺ Get
      GET /user
    • iris.Context 

  ╺ PostLogin
      POST /user/login
    • iris.Context 
  ╺ PostRegisterUser
      POST /user/register/user
    • iris.Context 
2022/11/29 22:48 ONLINE_SHOP: API_GW on:9012
[DBUG] 2022/11/29 22:48 ONLINE_SHOP: API: 8 registered routes (3 GET, 2 POST and 3 OPTIONS)
GET: /swagger/{any:path} (./api-gw/main.go:69)
     • iris-contrib/swagger.Handler (D:/vscode/go/pkg/mod/github.com/iris-contrib/swagger@v0.0.0-20221110100830-8382955a2917/swagger.go:129)
GET: /swagger (./api-gw/main.go:68)
     • iris-contrib/swagger.Handler (D:/vscode/go/pkg/mod/github.com/iris-contrib/swagger@v0.0.0-20221110100830-8382955a2917/swagger.go:129)
GET: /user user.Controller (./api-gw/user/controller.go:33)
     • iris-contrib.cors (<autogenerated>:1)
     • user.Controller.Get (./api-gw/user/controller.go:65)

POST: /user/login user.Controller (./api-gw/user/controller.go:33)
      • iris-contrib.cors (<autogenerated>:1)
      • user.Controller.PostLogin (./api-gw/user/controller.go:97)
POST: /user/register/user user.Controller (./api-gw/user/controller.go:33)
      • iris-contrib.cors (<autogenerated>:1)
      • user.Controller.PostRegisterUser (./api-gw/user/controller.go:46)

OPTIONS: /user (./api-gw/user/controller.go:33)
         • iris-contrib.cors (<autogenerated>:1)
OPTIONS: /user/login (./api-gw/user/controller.go:33)
         • iris-contrib.cors (<autogenerated>:1)
OPTIONS: /user/register/user (./api-gw/user/controller.go:33)
         • iris-contrib.cors (<autogenerated>:1)

Iris Version: 12.2.0-beta5

Now listening on: http://localhost:9012
Application started. Press CTRL+C to shut down.
[ERRO] 2022/11/29 22:48 ONLINE_SHOP: Error authentification user: rpc error: code = Unavailable desc = connection error: desc = "transport: Error while dialing dial tcp [::1]:51051: connectex: No connection could be made because the target machine actively refused it."
[ERRO] 2022/11/29 22:49 ONLINE_SHOP: swagger: no swag has yet been registered
2022/11/29 22:52 ONLINE_SHOP: API_GW stopped:9012
[DBUG] ONLINE_SHOP: ⦿ user.Controller
  ⦿ IP             
  ⦿ Logger         
  ⦿ Ctx            
  ╺ Client         → ./api-gw/user/controller.go:32
  ╺ Get
      GET /user
    • iris.Context 

  ╺ PostLogin
      POST /user/login
    • iris.Context 
  ╺ PostRegisterUser
      POST /user/register/user
    • iris.Context 
2022/11/29 23:04 ONLINE_SHOP: API_GW on:9012
[DBUG] 2022/11/29 23:04 ONLINE_SHOP: API: 8 registered routes (3 GET, 2 POST and 3 OPTIONS)
GET: /swagger/{any:path} (./api-gw/main.go:69)
     • iris-contrib/swagger.Handler (D:/vscode/go/pkg/mod/github.com/iris-contrib/swagger@v0.0.0-20221110100830-8382955a2917/swagger.go:129)
GET: /swagger (./api-gw/main.go:68)
     • iris-contrib/swagger.Handler (D:/vscode/go/pkg/mod/github.com/iris-contrib/swagger@v0.0.0-20221110100830-8382955a2917/swagger.go:129)
GET: /user user.Controller (./api-gw/user/controller.go:33)
     • iris-contrib.cors (<autogenerated>:1)
     • user.Controller.Get (./api-gw/user/controller.go:65)

POST: /user/login user.Controller (./api-gw/user/controller.go:33)
      • iris-contrib.cors (<autogenerated>:1)
      • user.Controller.PostLogin (./api-gw/user/controller.go:97)
POST: /user/register/user user.Controller (./api-gw/user/controller.go:33)
      • iris-contrib.cors (<autogenerated>:1)
      • user.Controller.PostRegisterUser (./api-gw/user/controller.go:46)

OPTIONS: /user (./api-gw/user/controller.go:33)
         • iris-contrib.cors (<autogenerated>:1)
OPTIONS: /user/login (./api-gw/user/controller.go:33)
         • iris-contrib.cors (<autogenerated>:1)
OPTIONS: /user/register/user (./api-gw/user/controller.go:33)
         • iris-contrib.cors (<autogenerated>:1)

Iris Version:   12.2.0-beta5
Build Time:     2022-06-22T12:04:21Z
Build Revision: 84a02ed98ae130bd72ad5e174182b58fa26caf75

Now listening on: http://localhost:9012
Application started. Press CTRL+C to shut down.
[ERRO] 2022/11/29 23:04 ONLINE_SHOP: swagger: no swag has yet been registered
[ERRO] 2022/11/29 23:04 ONLINE_SHOP: swagger: no swag has yet been registered
